2025-12-14 07:34:50, EXEC, v:1, k:poo@cofre, mode:FULL, rate:0
2025-12-14 07:34:51, MOVE, v:1, k:poo@cofre, mode:BACK
2025-12-14 07:34:55, MOVE, v:1, k:poo@cofre, mode:PICK
2025-12-14 07:34:56, EXEC, v:1, k:poo@cofre, mode:FULL, rate:0
2025-12-14 07:34:56, EXEC, v:1, k:poo@cofre, mode:FULL, rate:0
2025-12-14 07:35:29, EXEC, v:1, k:poo@cofre, mode:FULL, rate:0, size:4
2025-12-14 07:40:46, MOVE, v:1, k:poo@cofre, mode:BACK
2025-12-14 07:40:47, MOVE, v:1, k:poo@cofre, mode:PICK
2025-12-14 07:40:48, EXEC, v:1, k:poo@cofre, mode:FULL, rate:0
2025-12-14 07:40:48, EXEC, v:1, k:poo@cofre, mode:FULL, rate:0
2025-12-14 07:40:49, MOVE, v:1, k:poo@cofre, mode:BACK
2025-12-14 07:40:56, MOVE, v:1, k:poo@cofre, mode:PICK
2025-12-14 07:40:57, EXEC, v:1, k:poo@cofre, mode:FULL, rate:0
2025-12-14 07:40:57, EXEC, v:1, k:poo@cofre, mode:FULL, rate:0
2025-12-14 07:40:58, MOVE, v:1, k:poo@cofre, mode:BACK
2025-12-14 07:41:06, MOVE, v:1, k:poo@cofre, mode:PICK
2025-12-14 07:41:07, EXEC, v:1, k:poo@cofre, mode:FULL, rate:0
2025-12-14 07:52:01, EXEC, v:1, k:poo@cofre, mode:FULL, rate:0
2025-12-14 07:52:24, EXEC, v:1, k:poo@cofre, mode:FULL, rate:0, size:68
2025-12-14 07:52:24, EXEC, v:1, k:poo@cofre, mode:FULL, rate:0, size:68
2025-12-14 07:52:28, EXEC, v:1, k:poo@cofre, mode:FULL, rate:0, size:68
2025-12-14 07:52:28, MOVE, v:1, k:poo@cofre, mode:BACK
2025-12-14 07:52:30, MOVE, v:1, k:poo@cofre, mode:PICK
2025-12-14 07:52:31, EXEC, v:1, k:poo@cofre, mode:FULL, rate:0
2025-12-14 07:52:31, EXEC, v:1, k:poo@cofre, mode:FULL, rate:0
2025-12-14 07:52:31, EXEC, v:1, k:poo@cofre, mode:FULL, rate:0
2025-12-14 07:56:46, EXEC, v:1, k:poo@cofre, mode:FULL, rate:0
2025-12-14 07:56:46, EXEC, v:1, k:poo@cofre, mode:FULL, rate:0
2025-12-14 07:56:47, EXEC, v:1, k:poo@cofre, mode:FULL, rate:0
2025-12-14 07:56:47, EXEC, v:1, k:poo@cofre, mode:FULL, rate:0
2025-12-14 08:31:00, EXEC, v:1, k:poo@cofre, mode:FULL, rate:0
2025-12-14 08:31:00, EXEC, v:1, k:poo@cofre, mode:FULL, rate:0
2025-12-14 08:31:01, MOVE, v:1, k:poo@cofre, mode:BACK
2025-12-14 08:31:02, MOVE, v:1, k:poo@cofre, mode:PICK
2025-12-14 08:31:02, EXEC, v:1, k:poo@cofre, mode:FULL, rate:0
2025-12-14 08:31:03, EXEC, v:1, k:poo@cofre, mode:FULL, rate:0
2025-12-14 08:31:03, EXEC, v:1, k:poo@cofre, mode:FULL, rate:0
2025-12-14 08:31:03, EXEC, v:1, k:poo@cofre, mode:FULL, rate:0
2025-12-14 08:42:20, EXEC, v:1, k:poo@cofre, mode:FULL, rate:0
2025-12-14 08:42:20, EXEC, v:1, k:poo@cofre, mode:FULL, rate:0
2025-12-14 08:42:20, EXEC, v:1, k:poo@cofre, mode:FULL, rate:0
2025-12-14 08:42:29, EXEC, v:1, k:poo@cofre, mode:FULL, rate:0, size:103
2025-12-14 08:42:29, EXEC, v:1, k:poo@cofre, mode:FULL, rate:0, size:103
2025-12-14 08:42:30, MOVE, v:1, k:poo@cofre, mode:BACK
2025-12-14 08:42:31, MOVE, v:1, k:poo@cofre, mode:PICK
2025-12-14 08:42:32, EXEC, v:1, k:poo@cofre, mode:FULL, rate:0, size:103
2025-12-14 08:42:32, EXEC, v:1, k:poo@cofre, mode:FULL, rate:0, size:103
2025-12-14 08:50:15, EXEC, v:1, k:poo@cofre, mode:FULL, rate:0, size:103
2025-12-14 08:50:15, EXEC, v:1, k:poo@cofre, mode:FULL, rate:0
2025-12-14 09:15:35, EXEC, v:1, k:poo@cofre, mode:FULL, rate:0
2025-12-14 09:15:37, MOVE, v:1, k:poo@cofre, mode:BACK
2025-12-14 09:15:39, MOVE, v:1, k:poo@cofre, mode:PICK
2025-12-14 09:15:39, EXEC, v:1, k:poo@cofre, mode:FULL, rate:0
2025-12-14 09:32:56, EXEC, v:1, k:poo@cofre, mode:FULL, rate:0
2025-12-14 09:32:56, MOVE, v:1, k:poo@cofre, mode:BACK
2025-12-14 09:32:58, MOVE, v:1, k:poo@cofre, mode:PICK
2025-12-14 09:32:58, EXEC, v:1, k:poo@cofre, mode:FULL, rate:0
2025-12-14 09:32:59, EXEC, v:1, k:poo@cofre, mode:FULL, rate:0
2025-12-14 09:42:37, EXEC, v:1, k:poo@cofre, mode:FULL, rate:0
2025-12-14 09:54:21, EXEC, v:1, k:poo@cofre, mode:FULL, rate:0
2025-12-14 10:01:50, EXEC, v:1, k:poo@cofre, mode:FULL, rate:0
2025-12-14 10:01:51, MOVE, v:1, k:poo@cofre, mode:BACK
2025-12-14 10:01:52, MOVE, v:1, k:poo@cofre, mode:PICK
2025-12-14 10:01:53, EXEC, v:1, k:poo@cofre, mode:FULL, rate:0
2025-12-14 10:01:53, EXEC, v:1, k:poo@cofre, mode:FULL, rate:0
2025-12-14 10:09:54, EXEC, v:1, k:poo@cofre, mode:FULL, rate:0
2025-12-14 10:28:50, EXEC, v:1, k:poo@cofre, mode:FULL, rate:0
2025-12-14 10:46:02, EXEC, v:1, k:poo@cofre, mode:FULL, rate:0
2025-12-14 10:46:03, MOVE, v:1, k:poo@cofre, mode:BACK
2025-12-14 10:46:25, MOVE, v:1, k:poo@zoo, mode:PICK
2025-12-14 10:46:26, EXEC, v:1, k:poo@zoo, mode:LOCK, rate:100
2025-12-14 10:46:27, EXEC, v:1, k:poo@zoo, mode:LOCK, rate:100
2025-12-14 10:47:06, EXEC, v:1, k:poo@zoo, mode:LOCK, rate:0, size:10
2025-12-14 10:47:07, MOVE, v:1, k:poo@zoo, mode:BACK
2025-12-14 10:47:16, MOVE, v:1, k:poo@zoo, mode:PICK
2025-12-14 10:47:17, EXEC, v:1, k:poo@zoo, mode:LOCK, rate:0
2025-12-14 10:47:18, EXEC, v:1, k:poo@zoo, mode:LOCK, rate:0
2025-12-14 11:48:57, EXEC, v:1, k:poo@zoo, mode:LOCK, rate:0
2025-12-14 11:48:58, MOVE, v:1, k:poo@zoo, mode:BACK
2025-12-14 11:49:02, MOVE, v:1, k:poo@zoo, mode:PICK
2025-12-14 11:49:05, EXEC, v:1, k:poo@zoo, mode:LOCK, rate:0
2025-12-14 11:49:12, EXEC, v:1, k:poo@zoo, mode:LOCK, rate:0
2025-12-14 11:49:12, MOVE, v:1, k:poo@zoo, mode:BACK
2025-12-14 11:49:14, MOVE, v:1, k:poo@zoo, mode:PICK
2025-12-14 11:49:14, EXEC, v:1, k:poo@zoo, mode:LOCK, rate:0
2025-12-14 11:49:15, EXEC, v:1, k:poo@zoo, mode:LOCK, rate:0
2025-12-14 18:42:01, EXEC, v:1, k:poo@zoo, mode:LOCK, rate:0
2025-12-14 18:42:01, MOVE, v:1, k:poo@zoo, mode:BACK
2025-12-14 18:42:04, MOVE, v:1, k:poo@zoo, mode:PICK
2025-12-14 18:42:04, EXEC, v:1, k:poo@zoo, mode:LOCK, rate:0
2025-12-14 18:42:05, EXEC, v:1, k:poo@zoo, mode:LOCK, rate:0
2025-12-14 18:42:08, MOVE, v:1, k:poo@zoo, mode:BACK
2025-12-14 18:42:16, MOVE, v:1, k:poo@zoo, mode:PICK
2025-12-14 18:42:17, EXEC, v:1, k:poo@zoo, mode:LOCK, rate:0
2025-12-14 18:42:18, MOVE, v:1, k:poo@zoo, mode:BACK
2025-12-14 18:42:19, MOVE, v:1, k:poo@zoo, mode:PICK
2025-12-14 18:52:13, EXEC, v:1, k:poo@zoo, mode:LOCK, rate:0
2025-12-14 18:52:14, MOVE, v:1, k:poo@zoo, mode:BACK
2025-12-14 18:52:15, MOVE, v:1, k:poo@zoo, mode:PICK
2025-12-14 18:52:15, EXEC, v:1, k:poo@zoo, mode:LOCK, rate:0
2025-12-14 18:52:18, MOVE, v:1, k:poo@zoo, mode:BACK
2025-12-14 18:52:19, MOVE, v:1, k:poo@zoo, mode:PICK
2025-12-14 19:00:31, MOVE, v:1, k:poo@zoo, mode:BACK
2025-12-14 19:00:32, MOVE, v:1, k:poo@zoo, mode:PICK
2025-12-14 19:00:34, EXEC, v:1, k:poo@zoo, mode:LOCK, rate:0
2025-12-14 19:09:04, EXEC, v:1, k:poo@zoo, mode:LOCK, rate:0
2025-12-14 19:09:04, MOVE, v:1, k:poo@zoo, mode:BACK
2025-12-14 19:09:06, MOVE, v:1, k:poo@zoo, mode:PICK
2025-12-14 19:09:07, EXEC, v:1, k:poo@zoo, mode:LOCK, rate:0
2025-12-14 19:09:18, EXEC, v:1, k:poo@zoo, mode:LOCK, rate:0
2025-12-14 19:09:20, EXEC, v:1, k:poo@zoo, mode:LOCK, rate:0
2025-12-14 19:09:21, MOVE, v:1, k:poo@zoo, mode:BACK
2025-12-14 19:09:23, MOVE, v:1, k:poo@zoo, mode:PICK
2025-12-14 19:09:24, EXEC, v:1, k:poo@zoo, mode:LOCK, rate:0
2025-12-14 19:16:33, MOVE, v:1, k:poo@zoo, mode:BACK
2025-12-14 19:16:49, MOVE, v:1, k:poo@estacionamento, mode:PICK
2025-12-14 19:16:51, EXEC, v:1, k:poo@estacionamento, mode:FULL, rate:0
2025-12-14 19:18:18, EXEC, v:1, k:poo@estacionamento, mode:FULL, rate:100, size:116
2025-12-14 19:49:40, EXEC, v:1, k:poo@estacionamento, mode:FULL, rate:0, size:116
2025-12-14 19:49:46, MOVE, v:1, k:poo@estacionamento, mode:BACK
2025-12-14 19:49:50, MOVE, v:1, k:poo@estacionamento, mode:PICK
2025-12-14 19:49:51, EXEC, v:1, k:poo@estacionamento, mode:FULL, rate:0
2025-12-14 19:50:06, EXEC, v:1, k:poo@estacionamento, mode:FULL, rate:100, size:116
2025-12-14 19:52:43, MOVE, v:1, k:poo@estacionamento, mode:BACK
2025-12-14 19:54:31, SELF, v:1, k:poo@estacionamento, rate:100, human:2, guide:2, alone:7, study:265
2025-12-14 19:55:04, MOVE, v:1, k:poo@zoo, mode:PICK
2025-12-14 19:55:05, EXEC, v:1, k:poo@zoo, mode:LOCK, rate:0
2025-12-14 20:02:10, EXEC, v:1, k:poo@zoo, mode:LOCK, rate:0, size:2
2025-12-14 20:02:48, MOVE, v:1, k:poo@zoo, mode:BACK
2025-12-14 20:03:10, MOVE, v:1, k:poo@pagamento, mode:PICK
2025-12-14 20:03:11, EXEC, v:1, k:poo@pagamento, mode:LOCK, rate:100, size:1
2025-12-14 20:09:21, EXEC, v:1, k:poo@pagamento, mode:LOCK, rate:0, size:80
2025-12-14 20:12:17, EXEC, v:1, k:poo@pagamento, mode:LOCK, rate:0, size:100
2025-12-14 20:13:40, EXEC, v:1, k:poo@pagamento, mode:LOCK, rate:0, size:96
2025-12-14 20:14:31, EXEC, v:1, k:poo@pagamento, mode:LOCK, rate:0
2025-12-14 20:14:32, EXEC, v:1, k:poo@pagamento, mode:LOCK, rate:0
2025-12-14 20:14:34, MOVE, v:1, k:poo@pagamento, mode:BACK
2025-12-14 20:15:36, SELF, v:1, k:poo@pagamento, rate:80, human:2, iagen:2, alone:5, study:190
2025-12-14 20:15:52, MOVE, v:1, k:poo@zoo, mode:PICK
2025-12-14 20:15:53, EXEC, v:1, k:poo@zoo, mode:LOCK, rate:0
2025-12-14 20:27:48, MOVE, v:1, k:poo@zoo, mode:BACK
2025-12-14 20:27:52, MOVE, v:1, k:poo@zoo, mode:PICK
2025-12-14 20:27:53, EXEC, v:1, k:poo@zoo, mode:LOCK, rate:0
2025-12-14 20:34:24, EXEC, v:1, k:poo@zoo, mode:LOCK, rate:0
2025-12-14 20:34:24, EXEC, v:1, k:poo@zoo, mode:LOCK, rate:0
2025-12-14 20:34:25, EXEC, v:1, k:poo@zoo, mode:LOCK, rate:0
2025-12-14 20:34:25, EXEC, v:1, k:poo@zoo, mode:LOCK, rate:0
2025-12-14 20:34:25, EXEC, v:1, k:poo@zoo, mode:LOCK, rate:0
2025-12-14 20:34:26, MOVE, v:1, k:poo@zoo, mode:BACK
2025-12-14 20:34:28, MOVE, v:1, k:poo@zoo, mode:PICK
2025-12-14 20:34:30, EXEC, v:1, k:poo@zoo, mode:LOCK, rate:0
2025-12-14 20:37:58, EXEC, v:1, k:poo@zoo, mode:LOCK, rate:0
2025-12-14 20:38:05, MOVE, v:1, k:poo@zoo, mode:BACK
2025-12-14 20:38:14, MOVE, v:1, k:poo@zoo, mode:PICK
2025-12-14 20:38:15, EXEC, v:1, k:poo@zoo, mode:LOCK, rate:0
2025-12-14 20:38:16, EXEC, v:1, k:poo@zoo, mode:LOCK, rate:0
2025-12-14 20:56:50, EXEC, v:1, k:poo@zoo, mode:LOCK, rate:0, size:16
2025-12-14 20:56:50, EXEC, v:1, k:poo@zoo, mode:LOCK, rate:0, size:16
2025-12-14 20:56:50, MOVE, v:1, k:poo@zoo, mode:BACK
2025-12-14 20:56:53, MOVE, v:1, k:poo@shapes, mode:PICK
2025-12-14 20:56:54, EXEC, v:1, k:poo@shapes, mode:FULL, rate:0, size:0
2025-12-14 21:12:22, EXEC, v:1, k:poo@shapes, mode:FULL, rate:100, size:118
2025-12-14 21:12:33, EXEC, v:1, k:poo@shapes, mode:FULL, rate:100, size:118
2025-12-14 21:12:58, EXEC, v:1, k:poo@shapes, mode:FULL, rate:80, size:118
2025-12-14 21:14:09, EXEC, v:1, k:poo@shapes, mode:FULL, rate:80
2025-12-14 21:14:10, MOVE, v:1, k:poo@shapes, mode:BACK
2025-12-14 21:14:28, MOVE, v:1, k:poo@shapes, mode:PICK
2025-12-14 21:14:29, EXEC, v:1, k:poo@shapes, mode:FULL, rate:100, size:118
2025-12-14 21:14:30, EXEC, v:1, k:poo@shapes, mode:FULL, rate:100
2025-12-14 21:14:31, MOVE, v:1, k:poo@shapes, mode:BACK
2025-12-14 21:15:17, SELF, v:1, k:poo@shapes, rate:100, human:2, alone:6, study:180
2025-12-14 21:15:48, MOVE, v:1, k:poo@cofre, mode:PICK
2025-12-14 21:15:49, EXEC, v:1, k:poo@cofre, mode:FULL, rate:0
2025-12-14 21:18:53, EXEC, v:1, k:poo@cofre, mode:FULL, rate:0
2025-12-14 21:18:54, MOVE, v:1, k:poo@cofre, mode:BACK
2025-12-14 21:18:56, MOVE, v:1, k:poo@cofre, mode:PICK
2025-12-14 21:19:09, MOVE, v:1, k:poo@cofre, mode:BACK
2025-12-14 21:19:12, MOVE, v:1, k:poo@zoo, mode:PICK
2025-12-14 21:19:12, EXEC, v:1, k:poo@zoo, mode:LOCK, rate:0, size:18
2025-12-14 21:24:20, EXEC, v:1, k:poo@zoo, mode:LOCK, rate:100, size:26
2025-12-14 21:24:23, MOVE, v:1, k:poo@zoo, mode:BACK
2025-12-14 21:24:34, MOVE, v:1, k:poo@zoo, mode:PICK
2025-12-14 21:24:35, EXEC, v:1, k:poo@zoo, mode:LOCK, rate:100
2025-12-14 21:24:35, EXEC, v:1, k:poo@zoo, mode:LOCK, rate:100
2025-12-14 21:24:36, EXEC, v:1, k:poo@zoo, mode:LOCK, rate:100
2025-12-14 21:24:36, EXEC, v:1, k:poo@zoo, mode:LOCK, rate:100
2025-12-14 21:24:37, EXEC, v:1, k:poo@zoo, mode:LOCK, rate:100
2025-12-14 21:24:37, EXEC, v:1, k:poo@zoo, mode:LOCK, rate:100
2025-12-14 21:24:37, EXEC, v:1, k:poo@zoo, mode:LOCK, rate:100
2025-12-14 21:24:38, EXEC, v:1, k:poo@zoo, mode:LOCK, rate:100
2025-12-14 21:24:43, MOVE, v:1, k:poo@zoo, mode:BACK
2025-12-14 21:24:57, MOVE, v:1, k:poo@cofre, mode:PICK
2025-12-14 21:24:58, EXEC, v:1, k:poo@cofre, mode:FULL, rate:0
2025-12-14 22:52:00, EXEC, v:1, k:poo@cofre, mode:FULL, rate:0
2025-12-14 22:52:01, MOVE, v:1, k:poo@cofre, mode:BACK
2025-12-14 23:09:28, MOVE, v:1, k:poo@cofre, mode:PICK
2025-12-14 23:09:29, EXEC, v:1, k:poo@cofre, mode:FULL, rate:0
2025-12-14 23:10:02, EXEC, v:1, k:poo@cofre, mode:FULL, rate:0, size:178
2025-12-14 23:10:16, EXEC, v:1, k:poo@cofre, mode:FULL, rate:40, size:178
2025-12-14 23:10:45, EXEC, v:1, k:poo@cofre, mode:FULL, rate:40, size:175
2025-12-14 23:11:15, EXEC, v:1, k:poo@cofre, mode:FULL, rate:40, size:164
2025-12-14 23:12:58, EXEC, v:1, k:poo@cofre, mode:FULL, rate:30, size:164
2025-12-14 23:13:13, MOVE, v:1, k:poo@cofre, mode:BACK
2025-12-14 23:13:51, SELF, v:1, k:poo@cofre, rate:30, other:fui_dormir, alone:8, study:180
2025-12-14 23:14:13, MOVE, v:1, k:poo@cofre, mode:PICK
2025-12-14 23:14:14, EXEC, v:1, k:poo@cofre, mode:FULL, rate:30, size:161
2025-12-14 23:15:39, EXEC, v:1, k:poo@cofre, mode:FULL, rate:10, size:160
2025-12-14 23:17:05, EXEC, v:1, k:poo@cofre, mode:FULL, rate:10, size:160
2025-12-14 23:17:14, EXEC, v:1, k:poo@cofre, mode:FULL, rate:10, size:160
