2025-12-13 11:06:47, MOVE, v:1, k:poo@estacionamento, mode:PICK
2025-12-13 11:06:49, EXEC, v:1, k:poo@estacionamento, mode:FULL, rate:0
2025-12-13 11:06:49, EXEC, v:1, k:poo@estacionamento, mode:FULL, rate:0
2025-12-13 11:06:54, EXEC, v:1, k:poo@estacionamento, mode:FULL, rate:0
2025-12-13 11:10:45, EXEC, v:1, k:poo@estacionamento, mode:FULL, rate:0
2025-12-13 11:12:39, EXEC, v:1, k:poo@estacionamento, mode:FULL, rate:0
2025-12-13 11:12:43, EXEC, v:1, k:poo@estacionamento, mode:FULL, rate:0, size:2
2025-12-13 11:18:20, EXEC, v:1, k:poo@estacionamento, mode:FULL, rate:0
2025-12-13 11:18:47, EXEC, v:1, k:poo@estacionamento, mode:FULL, rate:0, size:46
2025-12-13 11:22:49, EXEC, v:1, k:poo@estacionamento, mode:FULL, rate:0
2025-12-13 11:26:03, EXEC, v:1, k:poo@estacionamento, mode:FULL, rate:0
2025-12-13 11:29:17, EXEC, v:1, k:poo@estacionamento, mode:FULL, rate:0
2025-12-13 11:29:19, MOVE, v:1, k:poo@estacionamento, mode:BACK
2025-12-13 11:29:31, MOVE, v:1, k:poo@estacionamento, mode:PICK
2025-12-13 11:29:32, EXEC, v:1, k:poo@estacionamento, mode:FULL, rate:0
2025-12-13 11:29:33, MOVE, v:1, k:poo@estacionamento, mode:BACK
2025-12-13 11:29:36, MOVE, v:1, k:poo@estacionamento, mode:PICK
2025-12-13 11:29:37, EXEC, v:1, k:poo@estacionamento, mode:FULL, rate:0
2025-12-13 11:31:17, EXEC, v:1, k:poo@estacionamento, mode:FULL, rate:0
2025-12-13 11:35:58, EXEC, v:1, k:poo@estacionamento, mode:FULL, rate:0
2025-12-13 11:43:17, EXEC, v:1, k:poo@estacionamento, mode:FULL, rate:0
2025-12-13 11:43:20, MOVE, v:1, k:poo@estacionamento, mode:BACK
2025-12-13 11:43:21, MOVE, v:1, k:poo@estacionamento, mode:PICK
2025-12-13 11:43:22, EXEC, v:1, k:poo@estacionamento, mode:FULL, rate:0
2025-12-13 11:53:47, EXEC, v:1, k:poo@estacionamento, mode:FULL, rate:0
2025-12-13 11:57:33, EXEC, v:1, k:poo@estacionamento, mode:FULL, rate:0
2025-12-13 12:02:53, EXEC, v:1, k:poo@estacionamento, mode:FULL, rate:0
2025-12-13 12:30:02, EXEC, v:1, k:poo@estacionamento, mode:FULL, rate:0
2025-12-13 12:30:02, EXEC, v:1, k:poo@estacionamento, mode:FULL, rate:0
2025-12-13 12:30:04, MOVE, v:1, k:poo@estacionamento, mode:BACK
2025-12-13 12:30:05, MOVE, v:1, k:poo@estacionamento, mode:PICK
2025-12-13 12:30:06, EXEC, v:1, k:poo@estacionamento, mode:FULL, rate:0
2025-12-13 12:31:19, EXEC, v:1, k:poo@estacionamento, mode:FULL, rate:0
2025-12-13 12:39:40, EXEC, v:1, k:poo@estacionamento, mode:FULL, rate:0
2025-12-13 12:39:41, EXEC, v:1, k:poo@estacionamento, mode:FULL, rate:0
2025-12-13 12:39:41, EXEC, v:1, k:poo@estacionamento, mode:FULL, rate:0
2025-12-13 12:43:53, EXEC, v:1, k:poo@estacionamento, mode:FULL, rate:0, size:132
2025-12-13 12:52:31, EXEC, v:1, k:poo@estacionamento, mode:FULL, rate:0
2025-12-13 12:52:31, EXEC, v:1, k:poo@estacionamento, mode:FULL, rate:0
2025-12-13 13:03:45, EXEC, v:1, k:poo@estacionamento, mode:FULL, rate:0
2025-12-13 13:14:34, EXEC, v:1, k:poo@estacionamento, mode:FULL, rate:0
2025-12-13 13:14:35, EXEC, v:1, k:poo@estacionamento, mode:FULL, rate:0
2025-12-13 13:27:15, EXEC, v:1, k:poo@estacionamento, mode:FULL, rate:0
2025-12-13 13:27:19, MOVE, v:1, k:poo@estacionamento, mode:BACK
2025-12-13 13:27:21, MOVE, v:1, k:poo@estacionamento, mode:PICK
2025-12-13 13:27:21, EXEC, v:1, k:poo@estacionamento, mode:FULL, rate:0
2025-12-13 13:27:21, EXEC, v:1, k:poo@estacionamento, mode:FULL, rate:0
2025-12-13 14:02:14, EXEC, v:1, k:poo@estacionamento, mode:FULL, rate:0
2025-12-13 14:02:14, MOVE, v:1, k:poo@estacionamento, mode:BACK
2025-12-13 14:02:17, MOVE, v:1, k:poo@estacionamento, mode:PICK
2025-12-13 14:02:18, EXEC, v:1, k:poo@estacionamento, mode:FULL, rate:0
2025-12-13 14:11:14, EXEC, v:1, k:poo@estacionamento, mode:FULL, rate:0
2025-12-13 14:12:59, EXEC, v:1, k:poo@estacionamento, mode:FULL, rate:0
2025-12-13 14:13:09, EXEC, v:1, k:poo@estacionamento, mode:FULL, rate:0
2025-12-13 14:23:55, EXEC, v:1, k:poo@estacionamento, mode:FULL, rate:0
2025-12-13 14:23:55, EXEC, v:1, k:poo@estacionamento, mode:FULL, rate:0
2025-12-13 14:23:55, EXEC, v:1, k:poo@estacionamento, mode:FULL, rate:0
2025-12-13 14:23:56, MOVE, v:1, k:poo@estacionamento, mode:BACK
2025-12-13 14:23:58, MOVE, v:1, k:poo@estacionamento, mode:PICK
2025-12-13 14:23:59, EXEC, v:1, k:poo@estacionamento, mode:FULL, rate:0
2025-12-13 14:24:08, EXEC, v:1, k:poo@estacionamento, mode:FULL, rate:0
2025-12-13 14:25:25, EXEC, v:1, k:poo@estacionamento, mode:FULL, rate:0, size:80
2025-12-13 14:25:25, EXEC, v:1, k:poo@estacionamento, mode:FULL, rate:0
2025-12-13 14:25:27, EXEC, v:1, k:poo@estacionamento, mode:FULL, rate:0
2025-12-13 15:08:12, EXEC, v:1, k:poo@estacionamento, mode:FULL, rate:0, size:80
2025-12-13 15:08:18, EXEC, v:1, k:poo@estacionamento, mode:FULL, rate:0
2025-12-13 15:08:24, MOVE, v:1, k:poo@estacionamento, mode:BACK
2025-12-13 15:08:36, MOVE, v:1, k:poo@pagamento, mode:PICK
2025-12-13 15:08:37, EXEC, v:1, k:poo@pagamento, mode:LOCK, rate:100
2025-12-13 15:08:38, MOVE, v:1, k:poo@pagamento, mode:BACK
2025-12-13 15:08:39, MOVE, v:1, k:poo@pagamento, mode:PICK
2025-12-13 15:09:00, EXEC, v:1, k:poo@pagamento, mode:LOCK, rate:0, size:26
2025-12-13 15:22:26, EXEC, v:1, k:poo@pagamento, mode:LOCK, rate:0
2025-12-13 15:22:27, EXEC, v:1, k:poo@pagamento, mode:LOCK, rate:0
2025-12-13 15:25:29, EXEC, v:1, k:poo@pagamento, mode:LOCK, rate:0
2025-12-13 16:06:18, EXEC, v:1, k:poo@pagamento, mode:LOCK, rate:0
2025-12-13 17:03:14, EXEC, v:1, k:poo@pagamento, mode:LOCK, rate:0
2025-12-13 17:03:15, MOVE, v:1, k:poo@pagamento, mode:BACK
2025-12-13 17:03:23, MOVE, v:1, k:poo@pagamento, mode:PICK
2025-12-13 17:03:23, EXEC, v:1, k:poo@pagamento, mode:LOCK, rate:0
2025-12-13 17:09:07, EXEC, v:1, k:poo@pagamento, mode:LOCK, rate:0
2025-12-13 17:17:13, EXEC, v:1, k:poo@pagamento, mode:LOCK, rate:0
2025-12-13 18:09:40, EXEC, v:1, k:poo@pagamento, mode:LOCK, rate:0
2025-12-13 18:09:41, MOVE, v:1, k:poo@pagamento, mode:BACK
2025-12-13 18:09:46, MOVE, v:1, k:poo@shapes, mode:DOWN
2025-12-13 18:09:46, MOVE, v:1, k:poo@shapes, mode:PICK
2025-12-13 18:09:47, EXEC, v:1, k:poo@shapes, mode:FULL, rate:0, size:0
2025-12-13 18:09:48, EXEC, v:1, k:poo@shapes, mode:FULL, rate:0
2025-12-13 18:10:06, EXEC, v:1, k:poo@shapes, mode:FULL, rate:0, size:19
2025-12-13 18:10:37, EXEC, v:1, k:poo@shapes, mode:FULL, rate:0
2025-12-13 18:10:37, EXEC, v:1, k:poo@shapes, mode:FULL, rate:0
2025-12-13 18:36:41, EXEC, v:1, k:poo@shapes, mode:FULL, rate:0
2025-12-13 18:36:46, MOVE, v:1, k:poo@shapes, mode:BACK
2025-12-13 18:36:54, MOVE, v:1, k:poo@shapes, mode:PICK
2025-12-13 18:36:54, EXEC, v:1, k:poo@shapes, mode:FULL, rate:0
2025-12-13 18:36:54, EXEC, v:1, k:poo@shapes, mode:FULL, rate:0
2025-12-13 18:54:04, EXEC, v:1, k:poo@shapes, mode:FULL, rate:0
2025-12-13 18:54:04, EXEC, v:1, k:poo@shapes, mode:FULL, rate:0
2025-12-13 18:54:04, EXEC, v:1, k:poo@shapes, mode:FULL, rate:0
2025-12-13 19:02:30, EXEC, v:1, k:poo@shapes, mode:FULL, rate:0
2025-12-13 19:02:30, EXEC, v:1, k:poo@shapes, mode:FULL, rate:0
2025-12-13 19:02:30, EXEC, v:1, k:poo@shapes, mode:FULL, rate:0
2025-12-13 19:02:31, EXEC, v:1, k:poo@shapes, mode:FULL, rate:0
2025-12-13 19:02:31, EXEC, v:1, k:poo@shapes, mode:FULL, rate:0
2025-12-13 19:02:31, EXEC, v:1, k:poo@shapes, mode:FULL, rate:0
2025-12-13 19:02:31, EXEC, v:1, k:poo@shapes, mode:FULL, rate:0
2025-12-13 19:02:33, EXEC, v:1, k:poo@shapes, mode:FULL, rate:0
2025-12-13 19:02:34, EXEC, v:1, k:poo@shapes, mode:FULL, rate:0
2025-12-13 19:02:34, EXEC, v:1, k:poo@shapes, mode:FULL, rate:0
2025-12-13 19:02:58, EXEC, v:1, k:poo@shapes, mode:FULL, rate:0, size:103
2025-12-13 19:02:58, EXEC, v:1, k:poo@shapes, mode:FULL, rate:0, size:103
2025-12-13 19:02:59, EXEC, v:1, k:poo@shapes, mode:FULL, rate:0, size:103
2025-12-13 19:32:57, EXEC, v:1, k:poo@shapes, mode:FULL, rate:0
2025-12-13 19:32:58, MOVE, v:1, k:poo@shapes, mode:BACK
2025-12-13 19:33:00, MOVE, v:1, k:poo@shapes, mode:PICK
2025-12-13 19:33:01, EXEC, v:1, k:poo@shapes, mode:FULL, rate:0
2025-12-13 19:33:02, EXEC, v:1, k:poo@shapes, mode:FULL, rate:0
2025-12-13 20:09:08, EXEC, v:1, k:poo@shapes, mode:FULL, rate:0
2025-12-13 20:12:47, EXEC, v:1, k:poo@shapes, mode:FULL, rate:0
2025-12-13 20:27:26, EXEC, v:1, k:poo@shapes, mode:FULL, rate:0
2025-12-13 20:27:27, EXEC, v:1, k:poo@shapes, mode:FULL, rate:0
2025-12-13 20:27:28, MOVE, v:1, k:poo@shapes, mode:BACK
2025-12-13 20:27:36, MOVE, v:1, k:poo@shapes, mode:PICK
2025-12-13 20:27:37, EXEC, v:1, k:poo@shapes, mode:FULL, rate:0
2025-12-13 20:27:39, MOVE, v:1, k:poo@shapes, mode:BACK
2025-12-13 20:27:40, MOVE, v:1, k:poo@shapes, mode:PICK
2025-12-13 20:34:40, EXEC, v:1, k:poo@shapes, mode:FULL, rate:0
2025-12-13 20:34:44, MOVE, v:1, k:poo@shapes, mode:BACK
2025-12-13 20:34:46, MOVE, v:1, k:poo@shapes, mode:PICK
2025-12-13 20:34:47, EXEC, v:1, k:poo@shapes, mode:FULL, rate:0
2025-12-13 20:34:50, EXEC, v:1, k:poo@shapes, mode:FULL, rate:0
2025-12-13 20:35:39, EXEC, v:1, k:poo@shapes, mode:FULL, rate:0
2025-12-13 20:52:57, EXEC, v:1, k:poo@shapes, mode:FULL, rate:0
2025-12-13 20:53:03, MOVE, v:1, k:poo@shapes, mode:BACK
2025-12-13 20:53:04, MOVE, v:1, k:poo@shapes, mode:PICK
2025-12-13 20:53:05, EXEC, v:1, k:poo@shapes, mode:FULL, rate:0
2025-12-13 20:53:05, EXEC, v:1, k:poo@shapes, mode:FULL, rate:0
2025-12-13 20:58:02, EXEC, v:1, k:poo@shapes, mode:FULL, rate:0
2025-12-13 21:50:12, EXEC, v:1, k:poo@shapes, mode:FULL, rate:0
2025-12-13 21:50:13, MOVE, v:1, k:poo@shapes, mode:BACK
2025-12-13 21:50:19, MOVE, v:1, k:poo@zoo, mode:DOWN
2025-12-13 21:50:20, MOVE, v:1, k:poo@zoo, mode:PICK
2025-12-13 21:50:20, EXEC, v:1, k:poo@zoo, mode:LOCK, rate:100, size:0
2025-12-13 21:50:21, EXEC, v:1, k:poo@zoo, mode:LOCK, rate:100
2025-12-13 21:50:21, EXEC, v:1, k:poo@zoo, mode:LOCK, rate:100
2025-12-13 21:50:21, EXEC, v:1, k:poo@zoo, mode:LOCK, rate:100
2025-12-13 21:50:21, EXEC, v:1, k:poo@zoo, mode:LOCK, rate:100
2025-12-13 21:50:22, EXEC, v:1, k:poo@zoo, mode:LOCK, rate:100
2025-12-13 21:50:22, EXEC, v:1, k:poo@zoo, mode:LOCK, rate:100
2025-12-13 21:50:44, EXEC, v:1, k:poo@zoo, mode:LOCK, rate:100
2025-12-13 21:50:45, EXEC, v:1, k:poo@zoo, mode:LOCK, rate:100
2025-12-13 21:50:45, EXEC, v:1, k:poo@zoo, mode:LOCK, rate:100
2025-12-13 21:50:48, EXEC, v:1, k:poo@zoo, mode:LOCK, rate:100
2025-12-13 23:48:24, EXEC, v:1, k:poo@zoo, mode:LOCK, rate:100
2025-12-13 23:48:24, EXEC, v:1, k:poo@zoo, mode:LOCK, rate:100
2025-12-13 23:48:25, EXEC, v:1, k:poo@zoo, mode:LOCK, rate:100
2025-12-13 23:48:25, EXEC, v:1, k:poo@zoo, mode:LOCK, rate:100
2025-12-13 23:48:25, EXEC, v:1, k:poo@zoo, mode:LOCK, rate:100
2025-12-13 23:48:26, EXEC, v:1, k:poo@zoo, mode:LOCK, rate:100
2025-12-13 23:48:27, MOVE, v:1, k:poo@zoo, mode:BACK
2025-12-13 23:48:40, MOVE, v:1, k:poo@cofre, mode:DOWN
2025-12-13 23:48:41, MOVE, v:1, k:poo@cofre, mode:PICK
2025-12-13 23:48:42, EXEC, v:1, k:poo@cofre, mode:FULL, rate:0, size:0
2025-12-13 23:48:43, EXEC, v:1, k:poo@cofre, mode:FULL, rate:0
2025-12-13 23:48:44, EXEC, v:1, k:poo@cofre, mode:FULL, rate:0
2025-12-13 23:49:03, EXEC, v:1, k:poo@cofre, mode:FULL, rate:0, size:1
2025-12-13 23:54:46, EXEC, v:1, k:poo@cofre, mode:FULL, rate:0
2025-12-13 23:54:46, EXEC, v:1, k:poo@cofre, mode:FULL, rate:0
2025-12-13 23:54:48, MOVE, v:1, k:poo@cofre, mode:BACK
2025-12-13 23:54:56, MOVE, v:1, k:poo@cofre, mode:PICK
2025-12-13 23:54:56, EXEC, v:1, k:poo@cofre, mode:FULL, rate:0
2025-12-13 23:54:57, EXEC, v:1, k:poo@cofre, mode:FULL, rate:0
